# JRE version: Java(TM) SE Runtime Environment (8.0_131-b11) (build 1.8.0_131-b11)
# Java VM: Java HotSpot(TM) 64-Bit Server VM (25.131-b11 mixed mode windows-amd64 compressed oops)
Heap:
 PSYoungGen      total 458752K, used 354910K [0x000000076ab00000, 0x0000000792580000, 0x00000007c0000000)
  eden space 395776K, 85% used [0x000000076ab00000,0x000000077f6277e8,0x0000000782d80000)
  from space 62976K, 25% used [0x0000000782d80000,0x0000000783cf0250,0x0000000786b00000)
  to   space 102400K, 0% used [0x000000078c180000,0x000000078c180000,0x0000000792580000)
 ParOldGen       total 210432K, used 210329K [0x00000006c0000000, 0x00000006ccd80000, 0x000000076ab00000)
  object space 210432K, 99% used [0x00000006c0000000,0x00000006ccd664c0,0x00000006ccd80000)
 Metaspace       used 6639K, capacity 7320K, committed 7680K, reserved 1056768K
  class space    used 633K, capacity 656K, committed 768K, reserved 1048576K
GC Heap History (10 events):
Event: 2.495 GC heap before
{Heap before GC invocations=10 (full 0):
 PSYoungGen      total 292864K, used 292849K [0x000000076ab00000, 0x000000078a100000, 0x00000007c0000000)
  eden space 251904K, 100% used [0x000000076ab00000,0x000000077a100000,0x000000077a100000)
  from space 40960K, 99% used [0x000000077a100000,0x000000077c8fc768,0x000000077c900000)
  to   space 55296K, 0% used [0x0000000786b00000,0x0000000786b00000,0x000000078a100000)
 ParOldGen       total 87552K, used 58251K [0x00000006c0000000, 0x00000006c5580000, 0x000000076ab00000)
  object space 87552K, 66% used [0x00000006c0000000,0x00000006c38e2f28,0x00000006c5580000)
 Metaspace       used 6598K, capacity 7320K, committed 7680K, reserved 1056768K
  class space    used 633K, capacity 656K, committed 768K, reserved 1048576K
Event: 2.563 GC heap after
Heap after GC invocations=10 (full 0):
 PSYoungGen      total 451072K, used 50653K [0x000000076ab00000, 0x000000078b000000, 0x00000007c0000000)
  eden space 395776K, 0% used [0x000000076ab00000,0x000000076ab00000,0x0000000782d80000)
  from space 55296K, 91% used [0x0000000786b00000,0x0000000789c77748,0x000000078a100000)
  to   space 62976K, 0% used [0x0000000782d80000,0x0000000782d80000,0x0000000786b00000)
 ParOldGen       total 87552K, used 82374K [0x00000006c0000000, 0x00000006c5580000, 0x000000076ab00000)
  object space 87552K, 94% used [0x00000006c0000000,0x00000006c5071810,0x00000006c5580000)
 Metaspace       used 6598K, capacity 7320K, committed 7680K, reserved 1056768K
  class space    used 633K, capacity 656K, committed 768K, reserved 1048576K
}
Event: 2.563 GC heap before
{Heap before GC invocations=11 (full 1):
 PSYoungGen      total 451072K, used 50653K [0x000000076ab00000, 0x000000078b000000, 0x00000007c0000000)
  eden space 395776K, 0% used [0x000000076ab00000,0x000000076ab00000,0x0000000782d80000)
  from space 55296K, 91% used [0x0000000786b00000,0x0000000789c77748,0x000000078a100000)
  to   space 62976K, 0% used [0x0000000782d80000,0x0000000782d80000,0x0000000786b00000)
 ParOldGen       total 87552K, used 82374K [0x00000006c0000000, 0x00000006c5580000, 0x000000076ab00000)
  object space 87552K, 94% used [0x00000006c0000000,0x00000006c5071810,0x00000006c5580000)
 Metaspace       used 6598K, capacity 7320K, committed 7680K, reserved 1056768K
  class space    used 633K, capacity 656K, committed 768K, reserved 1048576K
Event: 3.127 GC heap after
Heap after GC invocations=11 (full 1):
 PSYoungGen      total 451072K, used 38529K [0x000000076ab00000, 0x000000078b000000, 0x00000007c0000000)
  eden space 395776K, 0% used [0x000000076ab00000,0x000000076ab00000,0x0000000782d80000)
  from space 55296K, 69% used [0x0000000786b00000,0x00000007890a05d8,0x000000078a100000)
  to   space 62976K, 0% used [0x0000000782d80000,0x0000000782d80000,0x0000000786b00000)
 ParOldGen       total 87552K, used 87536K [0x00000006c0000000, 0x00000006c5580000, 0x000000076ab00000)
  object space 87552K, 99% used [0x00000006c0000000,0x00000006c557c1d8,0x00000006c5580000)
 Metaspace       used 6598K, capacity 7320K, committed 7680K, reserved 1056768K
  class space    used 633K, capacity 656K, committed 768K, reserved 1048576K
}
Event: 3.906 GC heap before
{Heap before GC invocations=12 (full 2):
 PSYoungGen      total 451072K, used 434305K [0x000000076ab00000, 0x000000078b000000, 0x00000007c0000000)
  eden space 395776K, 100% used [0x000000076ab00000,0x0000000782d80000,0x0000000782d80000)
  from space 55296K, 69% used [0x0000000786b00000,0x00000007890a05d8,0x000000078a100000)
  to   space 62976K, 0% used [0x0000000782d80000,0x0000000782d80000,0x0000000786b00000)
 ParOldGen       total 87552K, used 87536K [0x00000006c0000000, 0x00000006c5580000, 0x000000076ab00000)
  object space 87552K, 99% used [0x00000006c0000000,0x00000006c557c1d8,0x00000006c5580000)
 Metaspace       used 6626K, capacity 7320K, committed 7680K, reserved 1056768K
  class space    used 633K, capacity 656K, committed 768K, reserved 1048576K
Event: 4.592 GC heap after
Heap after GC invocations=12 (full 2):
 PSYoungGen      total 451072K, used 96985K [0x000000076ab00000, 0x000000078b000000, 0x00000007c0000000)
  eden space 395776K, 24% used [0x000000076ab00000,0x00000007709b6788,0x0000000782d80000)
  from space 55296K, 0% used [0x0000000786b00000,0x0000000786b00000,0x000000078a100000)
  to   space 62976K, 0% used [0x0000000782d80000,0x0000000782d80000,0x0000000786b00000)
 ParOldGen       total 210432K, used 87509K [0x00000006c0000000, 0x00000006ccd80000, 0x000000076ab00000)
  object space 210432K, 41% used [0x00000006c0000000,0x00000006c55755c8,0x00000006ccd80000)
 Metaspace       used 6626K, capacity 7320K, committed 7680K, reserved 1056768K
  class space    used 633K, capacity 656K, committed 768K, reserved 1048576K
}
Event: 5.137 GC heap before
{Heap before GC invocations=13 (full 2):
 PSYoungGen      total 451072K, used 395776K [0x000000076ab00000, 0x000000078b000000, 0x00000007c0000000)
  eden space 395776K, 100% used [0x000000076ab00000,0x0000000782d80000,0x0000000782d80000)
  from space 55296K, 0% used [0x0000000786b00000,0x0000000786b00000,0x000000078a100000)
  to   space 62976K, 0% used [0x0000000782d80000,0x0000000782d80000,0x0000000786b00000)
 ParOldGen       total 210432K, used 87509K [0x00000006c0000000, 0x00000006ccd80000, 0x000000076ab00000)
  object space 210432K, 41% used [0x00000006c0000000,0x00000006c55755c8,0x00000006ccd80000)
 Metaspace       used 6635K, capacity 7320K, committed 7680K, reserved 1056768K
  class space    used 633K, capacity 656K, committed 768K, reserved 1048576K
Event: 5.278 GC heap after
Heap after GC invocations=13 (full 2):
 PSYoungGen      total 458752K, used 62945K [0x000000076ab00000, 0x0000000792580000, 0x00000007c0000000)
  eden space 395776K, 0% used [0x000000076ab00000,0x000000076ab00000,0x0000000782d80000)
  from space 62976K, 99% used [0x0000000782d80000,0x0000000786af84f0,0x0000000786b00000)
  to   space 102400K, 0% used [0x000000078c180000,0x000000078c180000,0x0000000792580000)
 ParOldGen       total 210432K, used 164274K [0x00000006c0000000, 0x00000006ccd80000, 0x000000076ab00000)
  object space 210432K, 78% used [0x00000006c0000000,0x00000006ca06ca38,0x00000006ccd80000)
 Metaspace       used 6635K, capacity 7320K, committed 7680K, reserved 1056768K
  class space    used 633K, capacity 656K, committed 768K, reserved 1048576K
}
Event: 5.278 GC heap before
{Heap before GC invocations=14 (full 3):
 PSYoungGen      total 458752K, used 62945K [0x000000076ab00000, 0x0000000792580000, 0x00000007c0000000)
  eden space 395776K, 0% used [0x000000076ab00000,0x000000076ab00000,0x0000000782d80000)
  from space 62976K, 99% used [0x0000000782d80000,0x0000000786af84f0,0x0000000786b00000)
  to   space 102400K, 0% used [0x000000078c180000,0x000000078c180000,0x0000000792580000)
 ParOldGen       total 210432K, used 164274K [0x00000006c0000000, 0x00000006ccd80000, 0x000000076ab00000)
  object space 210432K, 78% used [0x00000006c0000000,0x00000006ca06ca38,0x00000006ccd80000)
 Metaspace       used 6635K, capacity 7320K, committed 7680K, reserved 1056768K
  class space    used 633K, capacity 656K, committed 768K, reserved 1048576K
Event: 6.691 GC heap after
Heap after GC invocations=14 (full 3):
 PSYoungGen      total 458752K, used 15808K [0x000000076ab00000, 0x0000000792580000, 0x00000007c0000000)
  eden space 395776K, 0% used [0x000000076ab00000,0x000000076ab00000,0x0000000782d80000)
  from space 62976K, 25% used [0x0000000782d80000,0x0000000783cf0250,0x0000000786b00000)
  to   space 102400K, 0% used [0x000000078c180000,0x000000078c180000,0x0000000792580000)
 ParOldGen       total 210432K, used 210329K [0x00000006c0000000, 0x00000006ccd80000, 0x000000076ab00000)
  object space 210432K, 99% used [0x00000006c0000000,0x00000006ccd664c0,0x00000006ccd80000)
 Metaspace       used 6635K, capacity 7320K, committed 7680K, reserved 1056768K
  class space    used 633K, capacity 656K, committed 768K, reserved 1048576K
}

