# JRE version: Java(TM) SE Runtime Environment (8.0_131-b11) (build 1.8.0_131-b11)
# Java VM: Java HotSpot(TM) 64-Bit Server VM (25.131-b11 mixed mode windows-amd64 compressed oops)
Heap:
 PSYoungGen      total 446464K, used 111274K [0x000000076ab00000, 0x000000078ae80000, 0x00000007c0000000)
  eden space 391168K, 18% used [0x000000076ab00000,0x000000076f1cb850,0x0000000782900000)
  from space 55296K, 70% used [0x0000000786780000,0x0000000788d5f000,0x0000000789d80000)
  to   space 64000K, 0% used [0x0000000782900000,0x0000000782900000,0x0000000786780000)
 ParOldGen       total 166400K, used 87523K [0x00000006c0000000, 0x00000006ca280000, 0x000000076ab00000)
  object space 166400K, 52% used [0x00000006c0000000,0x00000006c5578ec0,0x00000006ca280000)
 Metaspace       used 6608K, capacity 7320K, committed 7680K, reserved 1056768K
  class space    used 634K, capacity 656K, committed 768K, reserved 1048576K
GC Heap History (10 events):
Event: 1.361 GC heap before
{Heap before GC invocations=7 (full 0):
 PSYoungGen      total 147456K, used 145482K [0x000000076ab00000, 0x0000000775500000, 0x00000007c0000000)
  eden space 130048K, 100% used [0x000000076ab00000,0x0000000772a00000,0x0000000772a00000)
  from space 17408K, 88% used [0x0000000773e00000,0x0000000774d12af0,0x0000000774f00000)
  to   space 20480K, 0% used [0x0000000772a00000,0x0000000772a00000,0x0000000773e00000)
 ParOldGen       total 87552K, used 19249K [0x00000006c0000000, 0x00000006c5580000, 0x000000076ab00000)
  object space 87552K, 21% used [0x00000006c0000000,0x00000006c12cc568,0x00000006c5580000)
 Metaspace       used 6541K, capacity 7256K, committed 7424K, reserved 1056768K
  class space    used 633K, capacity 656K, committed 768K, reserved 1048576K
Event: 1.382 GC heap after
Heap after GC invocations=7 (full 0):
 PSYoungGen      total 150528K, used 20462K [0x000000076ab00000, 0x000000077e600000, 0x00000007c0000000)
  eden space 130048K, 0% used [0x000000076ab00000,0x000000076ab00000,0x0000000772a00000)
  from space 20480K, 99% used [0x0000000772a00000,0x0000000773dfb970,0x0000000773e00000)
  to   space 31232K, 0% used [0x000000077c780000,0x000000077c780000,0x000000077e600000)
 ParOldGen       total 87552K, used 32612K [0x00000006c0000000, 0x00000006c5580000, 0x000000076ab00000)
  object space 87552K, 37% used [0x00000006c0000000,0x00000006c1fd92b8,0x00000006c5580000)
 Metaspace       used 6541K, capacity 7256K, committed 7424K, reserved 1056768K
  class space    used 633K, capacity 656K, committed 768K, reserved 1048576K
}
Event: 1.675 GC heap before
{Heap before GC invocations=8 (full 0):
 PSYoungGen      total 150528K, used 150510K [0x000000076ab00000, 0x000000077e600000, 0x00000007c0000000)
  eden space 130048K, 100% used [0x000000076ab00000,0x0000000772a00000,0x0000000772a00000)
  from space 20480K, 99% used [0x0000000772a00000,0x0000000773dfb970,0x0000000773e00000)
  to   space 31232K, 0% used [0x000000077c780000,0x000000077c780000,0x000000077e600000)
 ParOldGen       total 87552K, used 32612K [0x00000006c0000000, 0x00000006c5580000, 0x000000076ab00000)
  object space 87552K, 37% used [0x00000006c0000000,0x00000006c1fd92b8,0x00000006c5580000)
 Metaspace       used 6562K, capacity 7320K, committed 7680K, reserved 1056768K
  class space    used 633K, capacity 656K, committed 768K, reserved 1048576K
Event: 1.706 GC heap after
Heap after GC invocations=8 (full 0):
 PSYoungGen      total 281088K, used 31208K [0x000000076ab00000, 0x000000077fa00000, 0x00000007c0000000)
  eden space 249856K, 0% used [0x000000076ab00000,0x000000076ab00000,0x0000000779f00000)
  from space 31232K, 99% used [0x000000077c780000,0x000000077e5fa1a8,0x000000077e600000)
  to   space 41472K, 0% used [0x0000000779f00000,0x0000000779f00000,0x000000077c780000)
 ParOldGen       total 87552K, used 41837K [0x00000006c0000000, 0x00000006c5580000, 0x000000076ab00000)
  object space 87552K, 47% used [0x00000006c0000000,0x00000006c28db7e8,0x00000006c5580000)
 Metaspace       used 6562K, capacity 7320K, committed 7680K, reserved 1056768K
  class space    used 633K, capacity 656K, committed 768K, reserved 1048576K
}
Event: 2.081 GC heap before
{Heap before GC invocations=9 (full 0):
 PSYoungGen      total 281088K, used 281064K [0x000000076ab00000, 0x000000077fa00000, 0x00000007c0000000)
  eden space 249856K, 100% used [0x000000076ab00000,0x0000000779f00000,0x0000000779f00000)
  from space 31232K, 99% used [0x000000077c780000,0x000000077e5fa1a8,0x000000077e600000)
  to   space 41472K, 0% used [0x0000000779f00000,0x0000000779f00000,0x000000077c780000)
 ParOldGen       total 87552K, used 41837K [0x00000006c0000000, 0x00000006c5580000, 0x000000076ab00000)
  object space 87552K, 47% used [0x00000006c0000000,0x00000006c28db7e8,0x00000006c5580000)
 Metaspace       used 6591K, capacity 7320K, committed 7680K, reserved 1056768K
  class space    used 634K, capacity 656K, committed 768K, reserved 1048576K
Event: 2.123 GC heap after
Heap after GC invocations=9 (full 0):
 PSYoungGen      total 291328K, used 41450K [0x000000076ab00000, 0x0000000789d80000, 0x00000007c0000000)
  eden space 249856K, 0% used [0x000000076ab00000,0x000000076ab00000,0x0000000779f00000)
  from space 41472K, 99% used [0x0000000779f00000,0x000000077c77ab58,0x000000077c780000)
  to   space 55296K, 0% used [0x0000000786780000,0x0000000786780000,0x0000000789d80000)
 ParOldGen       total 87552K, used 57615K [0x00000006c0000000, 0x00000006c5580000, 0x000000076ab00000)
  object space 87552K, 65% used [0x00000006c0000000,0x00000006c3843cc0,0x00000006c5580000)
 Metaspace       used 6591K, capacity 7320K, committed 7680K, reserved 1056768K
  class space    used 634K, capacity 656K, committed 768K, reserved 1048576K
}
Event: 2.527 GC heap before
{Heap before GC invocations=10 (full 0):
 PSYoungGen      total 291328K, used 291306K [0x000000076ab00000, 0x0000000789d80000, 0x00000007c0000000)
  eden space 249856K, 100% used [0x000000076ab00000,0x0000000779f00000,0x0000000779f00000)
  from space 41472K, 99% used [0x0000000779f00000,0x000000077c77ab58,0x000000077c780000)
  to   space 55296K, 0% used [0x0000000786780000,0x0000000786780000,0x0000000789d80000)
 ParOldGen       total 87552K, used 57615K [0x00000006c0000000, 0x00000006c5580000, 0x000000076ab00000)
  object space 87552K, 65% used [0x00000006c0000000,0x00000006c3843cc0,0x00000006c5580000)
 Metaspace       used 6606K, capacity 7320K, committed 7680K, reserved 1056768K
  class space    used 634K, capacity 656K, committed 768K, reserved 1048576K
Event: 2.573 GC heap after
Heap after GC invocations=10 (full 0):
 PSYoungGen      total 446464K, used 52997K [0x000000076ab00000, 0x000000078ae80000, 0x00000007c0000000)
  eden space 391168K, 0% used [0x000000076ab00000,0x000000076ab00000,0x0000000782900000)
  from space 55296K, 95% used [0x0000000786780000,0x0000000789b41430,0x0000000789d80000)
  to   space 64000K, 0% used [0x0000000782900000,0x0000000782900000,0x0000000786780000)
 ParOldGen       total 87552K, used 80219K [0x00000006c0000000, 0x00000006c5580000, 0x000000076ab00000)
  object space 87552K, 91% used [0x00000006c0000000,0x00000006c4e56c40,0x00000006c5580000)
 Metaspace       used 6606K, capacity 7320K, committed 7680K, reserved 1056768K
  class space    used 634K, capacity 656K, committed 768K, reserved 1048576K
}
Event: 2.573 GC heap before
{Heap before GC invocations=11 (full 1):
 PSYoungGen      total 446464K, used 52997K [0x000000076ab00000, 0x000000078ae80000, 0x00000007c0000000)
  eden space 391168K, 0% used [0x000000076ab00000,0x000000076ab00000,0x0000000782900000)
  from space 55296K, 95% used [0x0000000786780000,0x0000000789b41430,0x0000000789d80000)
  to   space 64000K, 0% used [0x0000000782900000,0x0000000782900000,0x0000000786780000)
 ParOldGen       total 87552K, used 80219K [0x00000006c0000000, 0x00000006c5580000, 0x000000076ab00000)
  object space 87552K, 91% used [0x00000006c0000000,0x00000006c4e56c40,0x00000006c5580000)
 Metaspace       used 6606K, capacity 7320K, committed 7680K, reserved 1056768K
  class space    used 634K, capacity 656K, committed 768K, reserved 1048576K
Event: 3.035 GC heap after
Heap after GC invocations=11 (full 1):
 PSYoungGen      total 446464K, used 38780K [0x000000076ab00000, 0x000000078ae80000, 0x00000007c0000000)
  eden space 391168K, 0% used [0x000000076ab00000,0x000000076ab00000,0x0000000782900000)
  from space 55296K, 70% used [0x0000000786780000,0x0000000788d5f000,0x0000000789d80000)
  to   space 64000K, 0% used [0x0000000782900000,0x0000000782900000,0x0000000786780000)
 ParOldGen       total 166400K, used 87523K [0x00000006c0000000, 0x00000006ca280000, 0x000000076ab00000)
  object space 166400K, 52% used [0x00000006c0000000,0x00000006c5578ec0,0x00000006ca280000)
 Metaspace       used 6606K, capacity 7320K, committed 7680K, reserved 1056768K
  class space    used 634K, capacity 656K, committed 768K, reserved 1048576K
}

